<?xml version="1.0" encoding="UTF-8"?>
<!-- Generated by org.testng.reporters.JUnitReportReporter -->
<testsuite hostname="AslamBasha" failures="0" tests="1" name="TestCases.AddToCart" time="12.658" errors="0" timestamp="2024-05-01T21:44:10 IST" skipped="0">
  <testcase classname="TestCases.AddToCart" name="addToCart" time="12.658"/>
</testsuite> <!-- TestCases.AddToCart -->
